<?xml version="1.0" encoding="UTF-8"?>
<testsuites name="TestLogin" time="61.272" tests="5" failures="0" errors="0">
   <testsuite name="TestLogin" tests="5" failures="0" errors="0" time="61.272" timestamp="2020-09-24 01:27:06" hostname="Dat - CongDat_PC" id="Test Suites/TestLogin">
      <properties>
         <property name="deviceName" value=""/>
         <property name="devicePlatform" value=""/>
         <property name="logFolder" value="C:\\Users\\Dat\\git\\Katalon_Lab01\\Reports\\20200924_012700\\TestLogin\\20200924_012700"/>
         <property name="logFiles" value="C:\\Users\\Dat\\git\\Katalon_Lab01\\Reports\\20200924_012700\\TestLogin\\20200924_012700\\execution0.log"/>
         <property name="attachments" value=""/>
         <property name="hostName" value="Dat - CongDat_PC"/>
         <property name="os" value="Windows 8.1 64bit"/>
         <property name="katalonVersion" value="7.7.1.205"/>
         <property name="browser" value="Chrome 85.0.4183.121"/>
         <property name="hostAddress" value="192.168.1.16"/>
         <property name="sessionId" value="b6b968579d0a0ef2937f5413a28bb756"/>
         <property name="seleniumVersion" value="3.141.59"/>
         <property name="proxyInformation" value="ProxyInformation { proxyOption=NO_PROXY, proxyServerType=HTTP, username=, password=********, proxyServerAddress=, proxyServerPort=0, executionList=&quot;&quot;, isApplyToDesiredCapabilities=true }"/>
         <property name="platform" value="Windows 8.1"/>
      </properties>
      <testcase name="Test Cases/TestLogin1" time="14.374" classname="Test Cases/TestLogin1" status="PASSED">
         <system-out><![CDATA[2020-09-24 01:27:06 - [TEST_CASE][PASSED] - Test Cases/TestLogin1: Test Cases/TestLogin1

2020-09-24 01:27:07 - [TEST_STEP][PASSED] - openBrowser(""): Browser is opened with url: ''

2020-09-24 01:27:08 - [MESSAGE][INFO] - Starting 'Chrome' driver

2020-09-24 01:27:08 - [MESSAGE][INFO] - Action delay is set to 0 milliseconds

2020-09-24 01:27:12 - [MESSAGE][PASSED] - Browser is opened with url: ''

2020-09-24 01:27:12 - [TEST_STEP][PASSED] - navigateToUrl("https://katalon-demo-cura.herokuapp.com/"): Navigate to 'https://katalon-demo-cura.herokuapp.com/' successfully

2020-09-24 01:27:16 - [MESSAGE][PASSED] - Navigate to 'https://katalon-demo-cura.herokuapp.com/' successfully

2020-09-24 01:27:16 - [TEST_STEP][PASSED] - click(findTestObject("Page_1/i_CURA Healthcare_fa fa-bars")): Object: 'Object Repository/Page_1/i_CURA Healthcare_fa fa-bars' is clicked on

2020-09-24 01:27:16 - [MESSAGE][PASSED] - Object: 'Object Repository/Page_1/i_CURA Healthcare_fa fa-bars' is clicked on

2020-09-24 01:27:16 - [TEST_STEP][PASSED] - click(findTestObject("Page_1/a_Login")): Object: 'Object Repository/Page_1/a_Login' is clicked on

2020-09-24 01:27:17 - [MESSAGE][PASSED] - Object: 'Object Repository/Page_1/a_Login' is clicked on

2020-09-24 01:27:17 - [TEST_STEP][PASSED] - click(findTestObject("Page_1/button_Login")): Object: 'Object Repository/Page_1/button_Login' is clicked on

2020-09-24 01:27:19 - [MESSAGE][PASSED] - Object: 'Object Repository/Page_1/button_Login' is clicked on

2020-09-24 01:27:19 - [TEST_STEP][PASSED] - closeBrowser(): Browser is closed

2020-09-24 01:27:21 - [MESSAGE][PASSED] - Browser is closed]]></system-out>
         <system-err><![CDATA[]]></system-err>
      </testcase>
      <testcase name="Test Cases/TestLogin2" time="11.647" classname="Test Cases/TestLogin2" status="PASSED">
         <system-out><![CDATA[2020-09-24 01:27:21 - [TEST_CASE][PASSED] - Test Cases/TestLogin2: Test Cases/TestLogin2

2020-09-24 01:27:21 - [TEST_STEP][PASSED] - openBrowser(""): Browser is opened with url: ''

2020-09-24 01:27:21 - [MESSAGE][INFO] - Starting 'Chrome' driver

2020-09-24 01:27:21 - [MESSAGE][INFO] - Action delay is set to 0 milliseconds

2020-09-24 01:27:24 - [MESSAGE][PASSED] - Browser is opened with url: ''

2020-09-24 01:27:24 - [TEST_STEP][PASSED] - navigateToUrl("https://katalon-demo-cura.herokuapp.com/"): Navigate to 'https://katalon-demo-cura.herokuapp.com/' successfully

2020-09-24 01:27:27 - [MESSAGE][PASSED] - Navigate to 'https://katalon-demo-cura.herokuapp.com/' successfully

2020-09-24 01:27:27 - [TEST_STEP][PASSED] - click(findTestObject("Page_2/a_CURA Healthcare_menu-toggle")): Object: 'Object Repository/Page_2/a_CURA Healthcare_menu-toggle' is clicked on

2020-09-24 01:27:28 - [MESSAGE][PASSED] - Object: 'Object Repository/Page_2/a_CURA Healthcare_menu-toggle' is clicked on

2020-09-24 01:27:28 - [TEST_STEP][PASSED] - click(findTestObject("Page_2/a_Login")): Object: 'Object Repository/Page_2/a_Login' is clicked on

2020-09-24 01:27:29 - [MESSAGE][PASSED] - Object: 'Object Repository/Page_2/a_Login' is clicked on

2020-09-24 01:27:29 - [TEST_STEP][PASSED] - setText(findTestObject("Page_2/input_Username_username"), "John Doe"): Text 'John Doe' is set on object 'Object Repository/Page_2/input_Username_username'

2020-09-24 01:27:30 - [MESSAGE][PASSED] - Text 'John Doe' is set on object 'Object Repository/Page_2/input_Username_username'

2020-09-24 01:27:30 - [TEST_STEP][PASSED] - click(findTestObject("Page_2/button_Login")): Object: 'Object Repository/Page_2/button_Login' is clicked on

2020-09-24 01:27:32 - [MESSAGE][PASSED] - Object: 'Object Repository/Page_2/button_Login' is clicked on

2020-09-24 01:27:32 - [TEST_STEP][PASSED] - closeBrowser(): Browser is closed

2020-09-24 01:27:32 - [MESSAGE][PASSED] - Browser is closed]]></system-out>
         <system-err><![CDATA[]]></system-err>
      </testcase>
      <testcase name="Test Cases/TestLogin3" time="10.541" classname="Test Cases/TestLogin3" status="PASSED">
         <system-out><![CDATA[2020-09-24 01:27:32 - [TEST_CASE][PASSED] - Test Cases/TestLogin3: Test Cases/TestLogin3

2020-09-24 01:27:33 - [TEST_STEP][PASSED] - openBrowser(""): Browser is opened with url: ''

2020-09-24 01:27:33 - [MESSAGE][INFO] - Starting 'Chrome' driver

2020-09-24 01:27:33 - [MESSAGE][INFO] - Action delay is set to 0 milliseconds

2020-09-24 01:27:35 - [MESSAGE][PASSED] - Browser is opened with url: ''

2020-09-24 01:27:35 - [TEST_STEP][PASSED] - navigateToUrl("https://katalon-demo-cura.herokuapp.com/"): Navigate to 'https://katalon-demo-cura.herokuapp.com/' successfully

2020-09-24 01:27:39 - [MESSAGE][PASSED] - Navigate to 'https://katalon-demo-cura.herokuapp.com/' successfully

2020-09-24 01:27:39 - [TEST_STEP][PASSED] - click(findTestObject("Page_3/i_CURA Healthcare_fa fa-bars")): Object: 'Object Repository/Page_3/i_CURA Healthcare_fa fa-bars' is clicked on

2020-09-24 01:27:39 - [MESSAGE][PASSED] - Object: 'Object Repository/Page_3/i_CURA Healthcare_fa fa-bars' is clicked on

2020-09-24 01:27:39 - [TEST_STEP][PASSED] - click(findTestObject("Page_3/a_Login")): Object: 'Object Repository/Page_3/a_Login' is clicked on

2020-09-24 01:27:40 - [MESSAGE][PASSED] - Object: 'Object Repository/Page_3/a_Login' is clicked on

2020-09-24 01:27:40 - [TEST_STEP][PASSED] - setEncryptedText(findTestObject("Page_3/input_Password_password"), "g3/DOGG74jC3Flrr3yH+3D/yKbOqqUNM"): Text ****** has been set on object 'Object Repository/Page_3/input_Password_password'

2020-09-24 01:27:41 - [MESSAGE][PASSED] - Text ****** has been set on object 'Object Repository/Page_3/input_Password_password'

2020-09-24 01:27:41 - [TEST_STEP][PASSED] - click(findTestObject("Page_3/button_Login")): Object: 'Object Repository/Page_3/button_Login' is clicked on

2020-09-24 01:27:42 - [MESSAGE][PASSED] - Object: 'Object Repository/Page_3/button_Login' is clicked on

2020-09-24 01:27:42 - [TEST_STEP][PASSED] - closeBrowser(): Browser is closed

2020-09-24 01:27:43 - [MESSAGE][PASSED] - Browser is closed]]></system-out>
         <system-err><![CDATA[]]></system-err>
      </testcase>
      <testcase name="Test Cases/TestLogin4" time="11.754" classname="Test Cases/TestLogin4" status="PASSED">
         <system-out><![CDATA[2020-09-24 01:27:43 - [TEST_CASE][PASSED] - Test Cases/TestLogin4: Test Cases/TestLogin4

2020-09-24 01:27:43 - [TEST_STEP][PASSED] - openBrowser(""): Browser is opened with url: ''

2020-09-24 01:27:43 - [MESSAGE][INFO] - Starting 'Chrome' driver

2020-09-24 01:27:44 - [MESSAGE][INFO] - Action delay is set to 0 milliseconds

2020-09-24 01:27:46 - [MESSAGE][PASSED] - Browser is opened with url: ''

2020-09-24 01:27:46 - [TEST_STEP][PASSED] - navigateToUrl("https://katalon-demo-cura.herokuapp.com/"): Navigate to 'https://katalon-demo-cura.herokuapp.com/' successfully

2020-09-24 01:27:49 - [MESSAGE][PASSED] - Navigate to 'https://katalon-demo-cura.herokuapp.com/' successfully

2020-09-24 01:27:49 - [TEST_STEP][PASSED] - click(findTestObject("Page_4/a_CURA Healthcare_menu-toggle")): Object: 'Object Repository/Page_4/a_CURA Healthcare_menu-toggle' is clicked on

2020-09-24 01:27:49 - [MESSAGE][PASSED] - Object: 'Object Repository/Page_4/a_CURA Healthcare_menu-toggle' is clicked on

2020-09-24 01:27:49 - [TEST_STEP][PASSED] - click(findTestObject("Page_4/a_Login")): Object: 'Object Repository/Page_4/a_Login' is clicked on

2020-09-24 01:27:51 - [MESSAGE][PASSED] - Object: 'Object Repository/Page_4/a_Login' is clicked on

2020-09-24 01:27:51 - [TEST_STEP][PASSED] - setText(findTestObject("Page_4/input_Username_username"), " John Doe"): Text ' John Doe' is set on object 'Object Repository/Page_4/input_Username_username'

2020-09-24 01:27:51 - [MESSAGE][PASSED] - Text ' John Doe' is set on object 'Object Repository/Page_4/input_Username_username'

2020-09-24 01:27:51 - [TEST_STEP][PASSED] - click(findTestObject("Page_4/input_Demo account_form-control")): Object: 'Object Repository/Page_4/input_Demo account_form-control' is clicked on

2020-09-24 01:27:52 - [MESSAGE][PASSED] - Object: 'Object Repository/Page_4/input_Demo account_form-control' is clicked on

2020-09-24 01:27:52 - [TEST_STEP][PASSED] - click(findTestObject("Page_4/input_Demo account_form-control")): Object: 'Object Repository/Page_4/input_Demo account_form-control' is clicked on

2020-09-24 01:27:52 - [MESSAGE][PASSED] - Object: 'Object Repository/Page_4/input_Demo account_form-control' is clicked on

2020-09-24 01:27:52 - [TEST_STEP][PASSED] - click(findTestObject("Page_4/input_Demo account_form-control")): Object: 'Object Repository/Page_4/input_Demo account_form-control' is clicked on

2020-09-24 01:27:53 - [MESSAGE][PASSED] - Object: 'Object Repository/Page_4/input_Demo account_form-control' is clicked on

2020-09-24 01:27:53 - [TEST_STEP][PASSED] - setEncryptedText(findTestObject("Page_4/input_Password_password"), "g3/DOGG74jC3Flrr3yH+3D/yKbOqqUNM"): Text ****** has been set on object 'Object Repository/Page_4/input_Password_password'

2020-09-24 01:27:53 - [MESSAGE][PASSED] - Text ****** has been set on object 'Object Repository/Page_4/input_Password_password'

2020-09-24 01:27:53 - [TEST_STEP][PASSED] - click(findTestObject("Page_4/button_Login")): Object: 'Object Repository/Page_4/button_Login' is clicked on

2020-09-24 01:27:55 - [MESSAGE][PASSED] - Object: 'Object Repository/Page_4/button_Login' is clicked on]]></system-out>
         <system-err><![CDATA[]]></system-err>
      </testcase>
      <testcase name="Test Cases/TestLogin5" time="10.584" classname="Test Cases/TestLogin5" status="PASSED">
         <system-out><![CDATA[2020-09-24 01:27:55 - [TEST_CASE][PASSED] - Test Cases/TestLogin5: Test Cases/TestLogin5

2020-09-24 01:27:56 - [TEST_STEP][PASSED] - openBrowser(""): Browser is opened with url: ''

2020-09-24 01:27:56 - [MESSAGE][WARNING] - A browser is already opened. Closing browser and opening a new one

2020-09-24 01:27:57 - [MESSAGE][INFO] - Starting 'Chrome' driver

2020-09-24 01:27:57 - [MESSAGE][INFO] - Action delay is set to 0 milliseconds

2020-09-24 01:27:59 - [MESSAGE][PASSED] - Browser is opened with url: ''

2020-09-24 01:27:59 - [TEST_STEP][PASSED] - navigateToUrl("https://katalon-demo-cura.herokuapp.com/"): Navigate to 'https://katalon-demo-cura.herokuapp.com/' successfully

2020-09-24 01:28:02 - [MESSAGE][PASSED] - Navigate to 'https://katalon-demo-cura.herokuapp.com/' successfully

2020-09-24 01:28:02 - [TEST_STEP][PASSED] - click(findTestObject("Page_5/a_CURA Healthcare_menu-toggle")): Object: 'Object Repository/Page_5/a_CURA Healthcare_menu-toggle' is clicked on

2020-09-24 01:28:03 - [MESSAGE][PASSED] - Object: 'Object Repository/Page_5/a_CURA Healthcare_menu-toggle' is clicked on

2020-09-24 01:28:03 - [TEST_STEP][PASSED] - click(findTestObject("Page_5/a_Login")): Object: 'Object Repository/Page_5/a_Login' is clicked on

2020-09-24 01:28:04 - [MESSAGE][PASSED] - Object: 'Object Repository/Page_5/a_Login' is clicked on

2020-09-24 01:28:04 - [TEST_STEP][PASSED] - click(findTestObject("Page_5/button_Login")): Object: 'Object Repository/Page_5/button_Login' is clicked on

2020-09-24 01:28:05 - [MESSAGE][PASSED] - Object: 'Object Repository/Page_5/button_Login' is clicked on]]></system-out>
         <system-err><![CDATA[]]></system-err>
      </testcase>
      <system-out><![CDATA[2020-09-24 01:27:06 - [TEST_SUITE][PASSED] - TestLogin: Test Cases/TestLogin5]]></system-out>
      <system-err><![CDATA[]]></system-err>
   </testsuite>
</testsuites>
